<?xml version="1.0" encoding="UTF-8"?>
<!-- Generated by org.testng.reporters.JUnitXMLReporter -->
<testsuite ignored="0" hostname="Shalini" failures="0" tests="3" name="Default test" time="8.413" errors="0" timestamp="2024-11-06T10:51:20 IST">
  <testcase classname="api.test.userTest" name="TestpostUser" time="3.289"/>
  <testcase classname="api.test.userTest" name="getUserByName" time="1.35"/>
  <testcase classname="api.test.userTest" name="testUpdateUserByName" time="3.067"/>
</testsuite> <!-- Default test -->
