<?xml version="1.0" encoding="UTF-8"?>
<testng-results ignored="0" total="3" passed="3" failed="0" skipped="0">
  <reporter-output>
  </reporter-output>
  <suite started-at="2024-11-06T19:06:17 IST" name="PetSuite" finished-at="2024-11-06T19:06:23 IST" duration-ms="6740">
    <groups>
    </groups>
    <test started-at="2024-11-06T19:06:17 IST" name="PetTests" finished-at="2024-11-06T19:06:23 IST" duration-ms="6740">
      <class name="api.test.userTest2">
        <test-method is-config="true" signature="setUpData()[pri:0, instance:api.test.userTest2@52719fb6]" started-at="2024-11-06T19:06:17 IST" name="setUpData" finished-at="2024-11-06T19:06:17 IST" duration-ms="141" status="PASS">
          <reporter-output>
          </reporter-output>
        </test-method> <!-- setUpData -->
        <test-method signature="TestpostUser()[pri:1, instance:api.test.userTest2@52719fb6]" started-at="2024-11-06T19:06:17 IST" name="TestpostUser" finished-at="2024-11-06T19:06:19 IST" duration-ms="2468" status="PASS">
          <reporter-output>
          </reporter-output>
        </test-method> <!-- TestpostUser -->
        <test-method signature="getUserByName()[pri:2, instance:api.test.userTest2@52719fb6]" started-at="2024-11-06T19:06:19 IST" name="getUserByName" finished-at="2024-11-06T19:06:21 IST" duration-ms="1352" status="PASS">
          <reporter-output>
          </reporter-output>
        </test-method> <!-- getUserByName -->
        <test-method signature="testUpdateUserByName()[pri:3, instance:api.test.userTest2@52719fb6]" started-at="2024-11-06T19:06:21 IST" name="testUpdateUserByName" finished-at="2024-11-06T19:06:23 IST" duration-ms="2638" status="PASS">
          <reporter-output>
          </reporter-output>
        </test-method> <!-- testUpdateUserByName -->
      </class> <!-- api.test.userTest2 -->
    </test> <!-- PetTests -->
  </suite> <!-- PetSuite -->
</testng-results>
