<?xml version="1.0" encoding="UTF-8"?>
<!-- Generated by org.testng.reporters.JUnitXMLReporter -->
<testsuite ignored="0" hostname="Shalini" failures="0" tests="3" name="PetTests" time="6.74" errors="0" timestamp="2024-11-06T19:06:23 IST">
  <testcase classname="api.test.userTest2" name="TestpostUser" time="2.468"/>
  <testcase classname="api.test.userTest2" name="getUserByName" time="1.352"/>
  <testcase classname="api.test.userTest2" name="testUpdateUserByName" time="2.638"/>
</testsuite> <!-- PetTests -->
